TN:
SF:src/TicoToken.sol
FN:12,Tico.mint
FNDA:2,Tico.mint
DA:13,2
BRDA:13,0,0,1
BRDA:13,0,1,1
DA:14,1
FNF:1
FNH:1
LF:2
LH:2
BRF:2
BRH:2
end_of_record
TN:
SF:src/VotingEscrow.sol
FN:127,VotingEscrow.supportsInterface
FNDA:1,VotingEscrow.supportsInterface
DA:130,1
FN:176,VotingEscrow.ownerOf
FNDA:10,VotingEscrow.ownerOf
DA:177,11
FN:183,VotingEscrow._balance
FNDA:60,VotingEscrow._balance
DA:184,60
FN:190,VotingEscrow.balanceOf
FNDA:4,VotingEscrow.balanceOf
DA:191,4
FN:208,VotingEscrow.getApproved
FNDA:1,VotingEscrow.getApproved
DA:209,1
FN:215,VotingEscrow.isApprovedForAll
FNDA:2,VotingEscrow.isApprovedForAll
DA:219,2
FN:232,VotingEscrow.approve
FNDA:5,VotingEscrow.approve
DA:233,6
DA:235,6
BRDA:235,0,0,1
BRDA:235,0,1,5
DA:237,5
BRDA:237,1,0,1
BRDA:237,1,1,4
DA:239,4
DA:240,4
DA:241,4
BRDA:241,2,0,1
BRDA:241,2,1,3
DA:243,3
DA:244,3
FN:253,VotingEscrow.setApprovalForAll
FNDA:4,VotingEscrow.setApprovalForAll
DA:255,4
BRDA:255,3,0,1
BRDA:255,3,1,3
DA:256,3
DA:257,3
FN:263,VotingEscrow._clearApproval
FNDA:8,VotingEscrow._clearApproval
DA:265,8
BRDA:265,4,0,-
BRDA:265,4,1,8
DA:266,8
BRDA:266,5,0,2
BRDA:266,5,1,8
DA:268,2
FN:276,VotingEscrow._isApprovedOrOwner
FNDA:25,VotingEscrow._isApprovedOrOwner
DA:280,25
DA:281,25
DA:282,25
DA:283,25
DA:284,25
FN:287,VotingEscrow.isApprovedOrOwner
FNDA:1,VotingEscrow.isApprovedOrOwner
DA:291,1
FN:300,VotingEscrow._transferFrom
FNDA:9,VotingEscrow._transferFrom
DA:308,9
BRDA:308,6,0,1
BRDA:308,6,1,8
DA:310,8
DA:312,8
DA:314,8
DA:316,8
DA:318,8
DA:320,8
FN:332,VotingEscrow.transferFrom
FNDA:4,VotingEscrow.transferFrom
DA:333,4
FN:347,VotingEscrow.safeTransferFrom
FNDA:1,VotingEscrow.safeTransferFrom
DA:352,1
FN:355,VotingEscrow._isContract
FNDA:5,VotingEscrow._isContract
DA:359,5
DA:361,5
DA:363,5
FN:378,VotingEscrow.safeTransferFrom
FNDA:4,VotingEscrow.safeTransferFrom
DA:384,5
DA:386,5
BRDA:386,7,0,-
BRDA:386,7,1,-
DA:389,1
FN:426,VotingEscrow.tokenOfOwnerByIndex
FNDA:2,VotingEscrow.tokenOfOwnerByIndex
DA:430,2
FN:436,VotingEscrow._addTokenToOwnerList
FNDA:47,VotingEscrow._addTokenToOwnerList
DA:437,47
DA:439,47
DA:440,47
FN:445,VotingEscrow._addTokenTo
FNDA:47,VotingEscrow._addTokenTo
DA:447,47
BRDA:447,8,0,-
BRDA:447,8,1,47
DA:449,47
DA:451,47
DA:453,47
FN:462,VotingEscrow._mint
FNDA:39,VotingEscrow._mint
DA:464,39
BRDA:464,9,0,-
BRDA:464,9,1,39
DA:466,39
DA:468,39
DA:469,39
DA:470,39
FN:476,VotingEscrow._removeTokenFromOwnerList
FNDA:9,VotingEscrow._removeTokenFromOwnerList
DA:478,9
DA:479,9
DA:481,9
BRDA:481,10,0,9
BRDA:481,10,1,-
DA:483,9
DA:485,9
DA:487,0
DA:491,0
DA:493,0
DA:497,0
DA:499,0
FN:505,VotingEscrow._removeTokenFrom
FNDA:9,VotingEscrow._removeTokenFrom
DA:507,9
BRDA:507,11,0,-
BRDA:507,11,1,9
DA:509,9
DA:511,9
DA:513,9
FN:516,VotingEscrow._burn
FNDA:1,VotingEscrow._burn
DA:517,1
BRDA:517,12,0,-
BRDA:517,12,1,1
DA:522,1
DA:525,1
DA:527,1
DA:529,1
DA:530,1
FN:571,VotingEscrow.delegates
FNDA:6,VotingEscrow.delegates
DA:572,67
DA:573,67
FN:581,VotingEscrow.getVotes
FNDA:5,VotingEscrow.getVotes
DA:582,5
DA:583,5
BRDA:583,13,0,2
BRDA:583,13,1,3
DA:584,2
DA:586,3
DA:588,3
DA:589,3
DA:590,7
DA:591,7
DA:593,3
FN:596,VotingEscrow.getPastVotesIndex
FNDA:1,VotingEscrow.getPastVotesIndex
DA:600,5
DA:601,5
BRDA:601,14,0,1
BRDA:601,14,1,4
DA:602,1
DA:605,4
BRDA:605,15,0,4
BRDA:605,15,1,-
DA:606,4
DA:610,0
BRDA:610,16,0,-
BRDA:610,16,1,-
DA:611,0
DA:614,0
DA:615,0
DA:616,0
DA:617,0
DA:618,0
DA:619,0
BRDA:619,17,0,-
BRDA:619,17,1,-
DA:620,0
DA:621,0
BRDA:621,18,0,-
BRDA:621,18,1,-
DA:622,0
DA:624,0
DA:627,0
FN:630,VotingEscrow.getPastVotes
FNDA:4,VotingEscrow.getPastVotes
DA:634,4
DA:636,4
DA:637,4
DA:638,4
DA:639,5
DA:641,5
DA:643,4
FN:646,VotingEscrow.getPastTotalSupply
FNDA:1,VotingEscrow.getPastTotalSupply
DA:649,1
FN:656,VotingEscrow._moveTokenDelegates
FNDA:48,VotingEscrow._moveTokenDelegates
DA:661,48
BRDA:661,19,0,-
BRDA:661,19,1,10
DA:662,48
BRDA:662,20,0,-
BRDA:662,20,1,9
DA:663,9
DA:664,9
DA:667,9
DA:668,9
DA:671,9
DA:672,9
DA:673,9
BRDA:673,21,0,-
BRDA:673,21,1,9
DA:674,0
DA:678,9
DA:681,48
BRDA:681,22,0,-
BRDA:681,22,1,10
DA:682,47
DA:683,47
DA:686,47
DA:687,47
DA:690,47
BRDA:690,23,0,-
BRDA:690,23,1,47
DA:694,47
DA:695,10
DA:696,10
DA:698,47
DA:700,47
FN:705,VotingEscrow._findWhatCheckpointToWrite
FNDA:64,VotingEscrow._findWhatCheckpointToWrite
DA:708,64
DA:709,64
DA:712,64
BRDA:711,24,0,-
BRDA:711,24,1,64
DA:715,0
DA:717,64
FN:721,VotingEscrow._moveAllDelegates
FNDA:5,VotingEscrow._moveAllDelegates
DA:727,5
BRDA:727,25,0,-
BRDA:727,25,1,4
DA:728,4
BRDA:728,26,0,-
BRDA:728,26,1,-
DA:729,4
DA:730,4
DA:733,4
DA:734,4
DA:737,4
DA:738,0
DA:739,0
BRDA:739,27,0,-
BRDA:739,27,1,-
DA:740,0
DA:744,4
DA:747,4
BRDA:747,28,0,-
BRDA:747,28,1,4
DA:748,4
DA:749,4
DA:752,4
DA:753,4
DA:755,4
DA:756,4
BRDA:756,29,0,-
BRDA:756,29,1,4
DA:761,4
DA:762,0
DA:763,0
DA:766,4
DA:767,0
DA:768,0
DA:771,4
FN:776,VotingEscrow._delegate
FNDA:5,VotingEscrow._delegate
DA:778,5
DA:780,5
DA:782,5
DA:783,5
FN:790,VotingEscrow.delegate
FNDA:4,VotingEscrow.delegate
DA:791,4
BRDA:791,30,0,1
BRDA:791,30,1,4
DA:792,4
FN:795,VotingEscrow.delegateBySig
FNDA:1,VotingEscrow.delegateBySig
DA:803,1
DA:812,1
DA:815,1
DA:818,1
DA:819,1
BRDA:819,31,0,-
BRDA:819,31,1,1
DA:823,1
BRDA:823,32,0,-
BRDA:823,32,1,1
DA:827,1
BRDA:827,33,0,-
BRDA:827,33,1,1
DA:831,1
FN:843,VotingEscrow._balanceOfNFT
FNDA:12,VotingEscrow._balanceOfNFT
DA:847,12
DA:848,12
BRDA:848,34,0,-
BRDA:848,34,1,12
DA:849,0
DA:851,12
DA:852,12
DA:855,12
BRDA:855,35,0,-
BRDA:855,35,1,12
DA:856,0
DA:858,12
FN:866,VotingEscrow._supply_at
FNDA:2,VotingEscrow._supply_at
DA:870,2
DA:871,2
DA:872,2
DA:873,2
DA:874,2
DA:875,2
BRDA:875,36,0,2
BRDA:875,36,1,-
DA:876,2
DA:878,0
DA:880,2
DA:883,2
BRDA:883,37,0,2
BRDA:883,37,1,-
DA:884,2
DA:886,0
DA:887,0
DA:890,2
BRDA:890,38,0,-
BRDA:890,38,1,2
DA:891,0
DA:893,2
FN:899,VotingEscrow.totalSupplyAtT
FNDA:1,VotingEscrow.totalSupplyAtT
DA:900,2
DA:901,2
DA:902,2
FN:913,VotingEscrow._checkpoint
FNDA:45,VotingEscrow._checkpoint
DA:918,45
DA:919,45
DA:920,45
DA:921,45
DA:922,45
DA:924,45
BRDA:924,39,0,1
BRDA:924,39,1,43
DA:929,45
BRDA:929,40,0,5
BRDA:929,40,1,45
DA:930,5
DA:931,5
DA:936,45
BRDA:936,41,0,44
BRDA:936,41,1,45
DA:937,44
DA:938,44
DA:946,45
DA:947,45
BRDA:947,42,0,1
BRDA:947,42,1,43
DA:948,44
BRDA:948,43,0,1
BRDA:948,43,1,43
DA:949,1
DA:951,43
DA:956,45
DA:962,45
BRDA:962,44,0,13
BRDA:962,44,1,45
DA:963,13
DA:965,45
DA:969,45
DA:970,45
DA:973,45
BRDA:973,45,0,3
BRDA:973,45,1,45
DA:976,3
DA:986,45
DA:987,45
DA:990,256
DA:991,256
DA:992,256
BRDA:992,46,0,45
BRDA:992,46,1,211
DA:993,45
DA:996,211
DA:999,256
DA:1002,256
DA:1003,256
BRDA:1003,47,0,-
BRDA:1003,47,1,256
DA:1005,0
DA:1007,256
BRDA:1007,48,0,-
BRDA:1007,48,1,256
DA:1009,0
DA:1011,256
DA:1012,256
DA:1014,256
DA:1018,256
DA:1019,256
BRDA:1019,49,0,45
BRDA:1019,49,1,211
DA:1020,45
DA:1021,45
DA:1023,211
DA:1028,45
DA:1031,45
BRDA:1031,50,0,-
BRDA:1031,50,1,45
DA:1034,45
DA:1035,45
DA:1036,45
BRDA:1036,51,0,-
BRDA:1036,51,1,45
DA:1037,0
DA:1039,45
BRDA:1039,52,0,-
BRDA:1039,52,1,45
DA:1040,0
DA:1045,45
DA:1047,45
BRDA:1047,53,0,-
BRDA:1047,53,1,45
DA:1051,45
BRDA:1051,54,0,1
BRDA:1051,54,1,5
DA:1053,5
DA:1054,5
BRDA:1054,55,0,1
BRDA:1054,55,1,5
DA:1055,1
DA:1057,5
DA:1060,45
BRDA:1060,56,0,43
BRDA:1060,56,1,44
DA:1061,44
BRDA:1061,57,0,43
BRDA:1061,57,1,44
DA:1062,43
DA:1063,43
DA:1068,45
DA:1070,45
DA:1071,45
DA:1072,45
DA:1073,45
FN:1081,VotingEscrow._create_lock
FNDA:42,VotingEscrow._create_lock
DA:1086,42
DA:1088,42
BRDA:1088,58,0,1
BRDA:1088,58,1,41
DA:1089,41
BRDA:1089,59,0,1
BRDA:1089,59,1,40
DA:1093,40
BRDA:1093,60,0,1
BRDA:1093,60,1,39
DA:1098,39
DA:1099,39
DA:1100,39
DA:1102,39
DA:1109,39
FN:1115,VotingEscrow.create_lock
FNDA:41,VotingEscrow.create_lock
DA:1119,41
FN:1126,VotingEscrow.create_lock_for
FNDA:1,VotingEscrow.create_lock_for
DA:1131,1
FN:1140,VotingEscrow._deposit_for
FNDA:44,VotingEscrow._deposit_for
DA:1147,44
DA:1148,44
DA:1150,44
DA:1151,44
DA:1152,44
DA:1154,44
DA:1155,44
BRDA:1155,61,0,43
BRDA:1155,61,1,44
DA:1156,43
DA:1158,44
DA:1164,44
DA:1166,44
DA:1167,44
BRDA:1167,62,0,-
BRDA:1167,62,1,40
DA:1168,40
BRDA:1168,63,0,-
BRDA:1168,63,1,40
DA:1171,44
DA:1179,44
FN:1184,VotingEscrow.increase_amount
FNDA:5,VotingEscrow.increase_amount
DA:1185,5
BRDA:1185,64,0,2
BRDA:1185,64,1,3
DA:1187,3
DA:1189,3
BRDA:1189,65,0,1
BRDA:1189,65,1,2
DA:1190,2
BRDA:1190,66,0,-
BRDA:1190,66,1,2
DA:1191,2
BRDA:1191,67,0,1
BRDA:1191,67,1,1
DA:1196,1
FN:1207,VotingEscrow.increase_unlock_time
FNDA:7,VotingEscrow.increase_unlock_time
DA:1211,7
BRDA:1211,68,0,1
BRDA:1211,68,1,6
DA:1213,6
DA:1214,6
DA:1216,6
BRDA:1216,69,0,1
BRDA:1216,69,1,5
DA:1217,5
BRDA:1217,70,0,-
BRDA:1217,70,1,5
DA:1218,5
BRDA:1218,71,0,1
BRDA:1218,71,1,4
DA:1219,4
BRDA:1219,72,0,-
BRDA:1219,72,1,4
DA:1224,4
FN:1235,VotingEscrow.withdraw
FNDA:2,VotingEscrow.withdraw
DA:1236,2
BRDA:1236,73,0,-
BRDA:1236,73,1,2
DA:1239,2
DA:1240,2
BRDA:1240,74,0,1
BRDA:1240,74,1,1
DA:1241,1
DA:1243,1
DA:1244,1
DA:1245,1
DA:1250,1
DA:1252,1
BRDA:1252,75,0,-
BRDA:1252,75,1,1
DA:1255,1
DA:1257,1
DA:1258,1
FNF:45
FNH:45
LF:326
LH:289
BRF:152
BRH:103
end_of_record
TN:
SF:src/utils/SigUtils.sol
FN:21,SigUtils.getStructHash
FNDA:1,SigUtils.getStructHash
DA:26,1
FN:38,SigUtils.getTypedDataHash
FNDA:1,SigUtils.getTypedDataHash
DA:43,1
FNF:2
FNH:2
LF:2
LH:2
BRF:0
BRH:0
end_of_record
