TN:
SF:src/NftMarketplace.sol
FN:43,Marketplace.listNft
FNDA:0,Marketplace.listNft
DA:49,0
BRDA:49,0,0,-
BRDA:49,0,1,-
DA:50,0
BRDA:50,1,0,-
BRDA:50,1,1,-
DA:51,0
BRDA:51,2,0,-
BRDA:51,2,1,-
DA:53,0
DA:54,0
DA:56,0
DA:67,0
FN:79,Marketplace.buyNFT
FNDA:0,Marketplace.buyNFT
DA:80,0
DA:81,0
DA:82,0
DA:84,0
DA:85,0
DA:92,0
DA:100,0
DA:101,0
DA:103,0
DA:104,0
FNF:2
FNH:0
LF:17
LH:0
BRF:6
BRH:0
end_of_record
TN:
SF:src/RewardDistributor.sol
FN:59,RewardsDistributor.timestamp
FNDA:0,RewardsDistributor.timestamp
DA:60,0
FN:63,RewardsDistributor._checkpoint_token
FNDA:0,RewardsDistributor._checkpoint_token
DA:64,0
DA:65,0
DA:66,0
DA:68,0
DA:69,0
DA:70,0
DA:71,0
DA:72,0
DA:74,0
DA:75,0
DA:76,0
BRDA:76,0,0,-
BRDA:76,0,1,-
DA:77,0
BRDA:77,1,0,-
BRDA:77,1,1,-
DA:78,0
DA:80,0
DA:84,0
DA:86,0
BRDA:86,2,0,-
BRDA:86,2,1,-
DA:87,0
DA:89,0
DA:94,0
DA:95,0
DA:97,0
FN:100,RewardsDistributor.checkpoint_token
FNDA:0,RewardsDistributor.checkpoint_token
DA:101,0
BRDA:101,3,0,-
BRDA:101,3,1,-
DA:102,0
FN:105,RewardsDistributor._find_timestamp_epoch
FNDA:0,RewardsDistributor._find_timestamp_epoch
DA:110,0
DA:111,0
DA:112,0
DA:113,0
BRDA:113,4,0,-
BRDA:113,4,1,-
DA:114,0
DA:115,0
DA:118,0
BRDA:118,5,0,-
BRDA:118,5,1,-
DA:119,0
DA:121,0
DA:124,0
FN:127,RewardsDistributor._find_timestamp_user_epoch
FNDA:0,RewardsDistributor._find_timestamp_user_epoch
DA:133,0
DA:134,0
DA:135,0
DA:136,0
BRDA:136,6,0,-
BRDA:136,6,1,-
DA:137,0
DA:138,0
DA:140,0
BRDA:140,7,0,-
BRDA:140,7,1,-
DA:141,0
DA:143,0
DA:146,0
FN:149,RewardsDistributor.ve_for_at
FNDA:0,RewardsDistributor.ve_for_at
DA:154,0
DA:155,0
DA:156,0
DA:162,0
DA:166,0
DA:167,0
FN:179,RewardsDistributor._checkpoint_total_supply
FNDA:0,RewardsDistributor._checkpoint_total_supply
DA:180,0
DA:181,0
DA:182,0
DA:185,0
DA:192,0
DA:193,0
BRDA:193,8,0,-
BRDA:193,8,1,-
DA:194,0
DA:196,0
DA:197,0
DA:200,0
DA:201,0
BRDA:201,9,0,-
BRDA:201,9,1,-
DA:202,0
DA:204,0
DA:209,0
DA:211,0
FN:214,RewardsDistributor.checkpoint_total_supply
FNDA:0,RewardsDistributor.checkpoint_total_supply
DA:215,0
FN:218,RewardsDistributor._claim
FNDA:0,RewardsDistributor._claim
DA:223,0
DA:224,0
DA:226,0
DA:227,0
DA:229,0
BRDA:229,10,0,-
BRDA:229,10,1,-
DA:231,0
DA:232,0
BRDA:232,11,0,-
BRDA:232,11,1,-
DA:234,0
DA:242,0
DA:245,0
BRDA:245,12,0,-
BRDA:245,12,1,-
DA:247,0
DA:250,0
BRDA:250,13,0,-
BRDA:250,13,1,-
DA:255,0
DA:257,0
BRDA:257,14,0,-
BRDA:257,14,1,-
DA:258,0
BRDA:258,15,0,-
BRDA:258,15,1,-
DA:260,0
DA:262,0
DA:263,0
BRDA:263,16,0,-
BRDA:263,16,1,-
DA:265,0
BRDA:265,17,0,-
BRDA:265,17,1,-
DA:266,0
DA:267,0
DA:268,0
BRDA:268,18,0,-
BRDA:268,18,1,-
DA:269,0
DA:271,0
DA:277,0
DA:278,0
DA:284,0
BRDA:284,19,0,-
BRDA:284,19,1,-
DA:285,0
BRDA:285,20,0,-
BRDA:285,20,1,-
DA:286,0
DA:290,0
DA:294,0
DA:295,0
DA:296,0
DA:298,0
DA:300,0
FN:303,RewardsDistributor._claimable
FNDA:0,RewardsDistributor._claimable
DA:308,0
DA:309,0
DA:311,0
DA:312,0
DA:314,0
BRDA:314,21,0,-
BRDA:314,21,1,-
DA:316,0
DA:317,0
BRDA:317,22,0,-
BRDA:317,22,1,-
DA:318,0
DA:325,0
DA:328,0
BRDA:328,23,0,-
BRDA:328,23,1,-
DA:330,0
DA:333,0
BRDA:333,24,0,-
BRDA:333,24,1,-
DA:334,0
DA:335,0
BRDA:335,25,0,-
BRDA:335,25,1,-
DA:336,0
BRDA:336,26,0,-
BRDA:336,26,1,-
DA:338,0
DA:340,0
DA:341,0
BRDA:341,27,0,-
BRDA:341,27,1,-
DA:343,0
BRDA:343,28,0,-
BRDA:343,28,1,-
DA:344,0
DA:345,0
DA:346,0
BRDA:346,29,0,-
BRDA:346,29,1,-
DA:347,0
DA:349,0
DA:355,0
DA:356,0
DA:362,0
BRDA:362,30,0,-
BRDA:362,30,1,-
DA:363,0
BRDA:363,31,0,-
BRDA:363,31,1,-
DA:364,0
DA:368,0
DA:372,0
FN:375,RewardsDistributor.claimable
FNDA:0,RewardsDistributor.claimable
DA:376,0
DA:377,0
FN:380,RewardsDistributor.claim
FNDA:0,RewardsDistributor.claim
DA:381,0
BRDA:381,32,0,-
BRDA:381,32,1,-
DA:382,0
DA:383,0
DA:384,0
DA:385,0
BRDA:385,33,0,-
BRDA:385,33,1,-
DA:386,0
DA:387,0
DA:389,0
FN:392,RewardsDistributor.claim_many
FNDA:0,RewardsDistributor.claim_many
DA:393,0
BRDA:393,34,0,-
BRDA:393,34,1,-
DA:394,0
DA:395,0
DA:396,0
DA:397,0
DA:399,0
DA:400,0
DA:401,0
BRDA:401,35,0,-
BRDA:401,35,1,-
DA:402,0
DA:403,0
BRDA:403,36,0,-
BRDA:403,36,1,-
DA:404,0
DA:405,0
DA:408,0
BRDA:408,37,0,-
BRDA:408,37,1,-
DA:409,0
DA:412,0
FN:416,RewardsDistributor.setDepositor
FNDA:0,RewardsDistributor.setDepositor
DA:417,0
BRDA:417,38,0,-
BRDA:417,38,1,-
DA:418,0
FNF:14
FNH:0
LF:159
LH:0
BRF:78
BRH:0
end_of_record
TN:
SF:src/TicoToken.sol
FN:12,Tico.mint
FNDA:2,Tico.mint
DA:13,2
BRDA:13,0,0,1
BRDA:13,0,1,1
DA:14,1
FNF:1
FNH:1
LF:2
LH:2
BRF:2
BRH:2
end_of_record
TN:
SF:src/VotingEscrow.sol
FN:170,VotingEscrow.create_lock
FNDA:1066,VotingEscrow.create_lock
DA:175,1066
FN:182,VotingEscrow.create_lock_for
FNDA:83,VotingEscrow.create_lock_for
DA:187,83
FN:191,VotingEscrow.checkpoint
FNDA:0,VotingEscrow.checkpoint
DA:192,0
FN:200,VotingEscrow.deposit_for
FNDA:256,VotingEscrow.deposit_for
DA:201,256
DA:203,256
BRDA:203,0,0,-
BRDA:203,0,1,256
DA:204,256
BRDA:204,1,0,-
BRDA:204,1,1,256
DA:205,256
BRDA:205,2,0,-
BRDA:205,2,1,256
DA:209,256
FN:220,VotingEscrow.increase_amount
FNDA:261,VotingEscrow.increase_amount
DA:221,261
BRDA:221,3,0,2
BRDA:221,3,1,259
DA:223,259
DA:225,259
BRDA:225,4,0,1
BRDA:225,4,1,258
DA:226,258
BRDA:226,5,0,-
BRDA:226,5,1,258
DA:227,258
BRDA:227,6,0,1
BRDA:227,6,1,257
DA:232,257
FN:243,VotingEscrow.increase_unlock_time
FNDA:263,VotingEscrow.increase_unlock_time
DA:247,263
BRDA:247,7,0,1
BRDA:247,7,1,262
DA:249,262
DA:250,262
DA:252,262
BRDA:252,8,0,1
BRDA:252,8,1,261
DA:253,261
BRDA:253,9,0,-
BRDA:253,9,1,261
DA:254,261
BRDA:254,10,0,1
BRDA:254,10,1,260
DA:255,260
BRDA:255,11,0,-
BRDA:255,11,1,260
DA:260,260
FN:271,VotingEscrow.withdraw
FNDA:4,VotingEscrow.withdraw
DA:272,4
BRDA:272,12,0,-
BRDA:272,12,1,4
DA:275,4
DA:276,4
BRDA:276,13,0,2
BRDA:276,13,1,2
DA:277,2
DA:279,2
DA:280,2
DA:281,2
DA:286,2
DA:288,2
BRDA:288,14,0,-
BRDA:288,14,1,2
DA:291,2
DA:293,2
DA:294,2
FN:303,VotingEscrow.setApprovalForAll
FNDA:4,VotingEscrow.setApprovalForAll
DA:305,4
BRDA:305,15,0,1
BRDA:305,15,1,3
DA:306,3
DA:307,3
FN:319,VotingEscrow.transferFrom
FNDA:4,VotingEscrow.transferFrom
DA:324,4
FN:338,VotingEscrow.safeTransferFrom
FNDA:1,VotingEscrow.safeTransferFrom
DA:343,1
FN:348,VotingEscrow.supportsInterface
FNDA:5,VotingEscrow.supportsInterface
DA:353,5
FN:359,VotingEscrow.balanceOf
FNDA:4,VotingEscrow.balanceOf
DA:360,4
FN:365,VotingEscrow.getApproved
FNDA:1,VotingEscrow.getApproved
DA:366,1
FN:372,VotingEscrow.isApprovedForAll
FNDA:2,VotingEscrow.isApprovedForAll
DA:377,2
FN:380,VotingEscrow.isApprovedOrOwner
FNDA:1,VotingEscrow.isApprovedOrOwner
DA:385,1
FN:389,VotingEscrow.tokenOfOwnerByIndex
FNDA:2,VotingEscrow.tokenOfOwnerByIndex
DA:394,2
FN:402,VotingEscrow.getVotes
FNDA:6,VotingEscrow.getVotes
DA:403,6
DA:404,6
BRDA:404,16,0,2
BRDA:404,16,1,4
DA:405,2
DA:407,4
DA:409,4
DA:410,4
DA:411,7
DA:412,7
DA:414,4
FN:417,VotingEscrow.getPastTotalSupply
FNDA:1,VotingEscrow.getPastTotalSupply
DA:422,1
FN:425,VotingEscrow.balanceOfNFT
FNDA:0,VotingEscrow.balanceOfNFT
DA:426,0
BRDA:426,17,0,-
BRDA:426,17,1,-
DA:427,0
FN:430,VotingEscrow.totalSupply
FNDA:0,VotingEscrow.totalSupply
DA:431,0
FN:437,VotingEscrow.get_last_user_slope
FNDA:0,VotingEscrow.get_last_user_slope
DA:438,0
DA:439,0
FN:446,VotingEscrow.user_point_history__ts
FNDA:0,VotingEscrow.user_point_history__ts
DA:451,0
FN:457,VotingEscrow.locked__end
FNDA:0,VotingEscrow.locked__end
DA:458,0
FN:467,VotingEscrow.approve
FNDA:5,VotingEscrow.approve
DA:468,7
DA:470,7
BRDA:470,18,0,1
BRDA:470,18,1,6
DA:472,6
BRDA:472,19,0,1
BRDA:472,19,1,5
DA:474,5
DA:475,5
DA:476,5
BRDA:476,20,0,1
BRDA:476,20,1,4
DA:478,4
DA:479,4
FN:494,VotingEscrow.safeTransferFrom
FNDA:4,VotingEscrow.safeTransferFrom
DA:500,5
DA:502,5
BRDA:502,21,0,-
BRDA:502,21,1,-
DA:505,1
FN:535,VotingEscrow.delegate
FNDA:4,VotingEscrow.delegate
DA:536,4
BRDA:536,22,0,1
BRDA:536,22,1,4
DA:537,4
FN:540,VotingEscrow.delegateBySig
FNDA:1,VotingEscrow.delegateBySig
DA:548,1
DA:557,1
DA:560,1
DA:563,1
DA:564,1
BRDA:564,23,0,-
BRDA:564,23,1,1
DA:568,1
BRDA:568,24,0,-
BRDA:568,24,1,1
DA:572,1
BRDA:572,25,0,-
BRDA:572,25,1,1
DA:576,1
FN:581,VotingEscrow.ownerOf
FNDA:11,VotingEscrow.ownerOf
DA:582,13
FN:590,VotingEscrow.delegates
FNDA:6,VotingEscrow.delegates
DA:591,1175
DA:592,1175
FN:595,VotingEscrow.getPastVotesIndex
FNDA:1,VotingEscrow.getPastVotesIndex
DA:600,5
DA:601,5
BRDA:601,26,0,1
BRDA:601,26,1,4
DA:602,1
DA:605,4
BRDA:605,27,0,4
BRDA:605,27,1,-
DA:606,4
DA:610,0
BRDA:610,28,0,-
BRDA:610,28,1,-
DA:611,0
DA:614,0
DA:615,0
DA:616,0
DA:617,0
DA:618,0
DA:619,0
BRDA:619,29,0,-
BRDA:619,29,1,-
DA:620,0
DA:621,0
BRDA:621,30,0,-
BRDA:621,30,1,-
DA:622,0
DA:624,0
DA:627,0
FN:630,VotingEscrow.getPastVotes
FNDA:4,VotingEscrow.getPastVotes
DA:635,4
DA:637,4
DA:638,4
DA:639,4
DA:640,5
DA:642,5
DA:644,4
FN:650,VotingEscrow.totalSupplyAtT
FNDA:2,VotingEscrow.totalSupplyAtT
DA:651,3
DA:652,3
DA:653,3
FN:659,VotingEscrow._clearApproval
FNDA:8,VotingEscrow._clearApproval
DA:661,8
BRDA:661,31,0,-
BRDA:661,31,1,8
DA:662,8
BRDA:662,32,0,2
BRDA:662,32,1,8
DA:664,2
FN:674,VotingEscrow._transferFrom
FNDA:9,VotingEscrow._transferFrom
DA:682,9
BRDA:682,33,0,1
BRDA:682,33,1,8
DA:684,8
DA:686,8
DA:688,8
DA:690,8
DA:692,8
DA:694,8
FN:700,VotingEscrow._addTokenToOwnerList
FNDA:1154,VotingEscrow._addTokenToOwnerList
DA:701,1154
DA:703,1154
DA:704,1154
FN:709,VotingEscrow._addTokenTo
FNDA:1154,VotingEscrow._addTokenTo
DA:711,1154
BRDA:711,34,0,-
BRDA:711,34,1,1154
DA:713,1154
DA:715,1154
DA:717,1154
FN:726,VotingEscrow._mint
FNDA:1146,VotingEscrow._mint
DA:728,1146
BRDA:728,35,0,-
BRDA:728,35,1,1146
DA:730,1146
DA:732,1146
DA:733,1146
DA:734,1146
FN:740,VotingEscrow._removeTokenFromOwnerList
FNDA:10,VotingEscrow._removeTokenFromOwnerList
DA:742,10
DA:743,10
DA:745,10
BRDA:745,36,0,10
BRDA:745,36,1,-
DA:747,10
DA:749,10
DA:751,0
DA:755,0
DA:757,0
DA:761,0
DA:763,0
FN:769,VotingEscrow._removeTokenFrom
FNDA:10,VotingEscrow._removeTokenFrom
DA:771,10
BRDA:771,37,0,-
BRDA:771,37,1,10
DA:773,10
DA:775,10
DA:777,10
FN:780,VotingEscrow._burn
FNDA:2,VotingEscrow._burn
DA:781,2
BRDA:781,38,0,-
BRDA:781,38,1,2
DA:786,2
DA:789,2
DA:791,2
DA:793,2
DA:794,2
FN:797,VotingEscrow._moveTokenDelegates
FNDA:1156,VotingEscrow._moveTokenDelegates
DA:802,1156
BRDA:802,39,0,-
BRDA:802,39,1,10
DA:803,1156
BRDA:803,40,0,-
BRDA:803,40,1,10
DA:804,10
DA:805,10
DA:808,10
DA:809,10
DA:812,10
DA:813,10
DA:814,10
BRDA:814,41,0,-
BRDA:814,41,1,10
DA:815,0
DA:819,10
DA:822,1156
BRDA:822,42,0,-
BRDA:822,42,1,10
DA:823,1154
DA:824,1154
DA:827,1154
DA:828,1154
DA:831,1154
BRDA:831,43,0,-
BRDA:831,43,1,1154
DA:835,1154
DA:836,10
DA:837,10
DA:839,1154
DA:841,1154
FN:846,VotingEscrow._moveAllDelegates
FNDA:5,VotingEscrow._moveAllDelegates
DA:852,5
BRDA:852,44,0,-
BRDA:852,44,1,4
DA:853,4
BRDA:853,45,0,-
BRDA:853,45,1,-
DA:854,4
DA:855,4
DA:858,4
DA:859,4
DA:862,4
DA:863,0
DA:864,0
BRDA:864,46,0,-
BRDA:864,46,1,-
DA:865,0
DA:869,4
DA:872,4
BRDA:872,47,0,-
BRDA:872,47,1,4
DA:873,4
DA:874,4
DA:877,4
DA:878,4
DA:880,4
DA:881,4
BRDA:881,48,0,-
BRDA:881,48,1,4
DA:886,4
DA:887,0
DA:888,0
DA:891,4
DA:892,0
DA:893,0
DA:896,4
FN:901,VotingEscrow._delegate
FNDA:5,VotingEscrow._delegate
DA:903,5
DA:905,5
DA:907,5
DA:908,5
FN:915,VotingEscrow._checkpoint
FNDA:1921,VotingEscrow._checkpoint
DA:920,1921
DA:921,1921
DA:922,1921
DA:923,1921
DA:924,1921
DA:926,1921
BRDA:926,49,0,513
BRDA:926,49,1,1406
DA:931,1921
BRDA:931,50,0,773
BRDA:931,50,1,1921
DA:932,773
DA:933,773
DA:938,1921
BRDA:938,51,0,1919
BRDA:938,51,1,1921
DA:939,1919
DA:940,1919
DA:948,1921
DA:949,1921
BRDA:949,52,0,513
BRDA:949,52,1,1406
DA:950,1919
BRDA:950,53,0,513
BRDA:950,53,1,1406
DA:951,513
DA:953,1406
DA:958,1921
DA:964,1921
BRDA:964,54,0,782
BRDA:964,54,1,1921
DA:965,782
DA:967,1921
DA:971,1921
DA:972,1921
DA:975,1921
BRDA:975,55,0,4
BRDA:975,55,1,1921
DA:978,4
DA:988,1921
DA:989,1921
DA:992,2133
DA:993,2133
DA:994,2133
BRDA:994,56,0,1921
BRDA:994,56,1,212
DA:995,1921
DA:997,212
DA:1000,2133
DA:1003,2133
DA:1004,2133
BRDA:1004,57,0,-
BRDA:1004,57,1,2133
DA:1006,0
DA:1008,2133
BRDA:1008,58,0,-
BRDA:1008,58,1,2133
DA:1010,0
DA:1012,2133
DA:1013,2133
DA:1015,2133
DA:1019,2133
DA:1020,2133
BRDA:1020,59,0,1921
BRDA:1020,59,1,212
DA:1021,1921
DA:1022,1921
DA:1024,212
DA:1029,1921
DA:1032,1921
BRDA:1032,60,0,-
BRDA:1032,60,1,1921
DA:1035,1921
DA:1036,1921
DA:1037,1921
BRDA:1037,61,0,-
BRDA:1037,61,1,1921
DA:1038,0
DA:1040,1921
BRDA:1040,62,0,-
BRDA:1040,62,1,1921
DA:1041,0
DA:1046,1921
DA:1048,1921
BRDA:1048,63,0,-
BRDA:1048,63,1,1921
DA:1052,1921
BRDA:1052,64,0,513
BRDA:1052,64,1,773
DA:1054,773
DA:1055,773
BRDA:1055,65,0,513
BRDA:1055,65,1,773
DA:1056,513
DA:1058,773
DA:1061,1921
BRDA:1061,66,0,1406
BRDA:1061,66,1,1919
DA:1062,1919
BRDA:1062,67,0,1406
BRDA:1062,67,1,1919
DA:1063,1406
DA:1064,1406
DA:1069,1921
DA:1071,1921
DA:1072,1921
DA:1073,1921
DA:1074,1921
FN:1084,VotingEscrow._deposit_for
FNDA:1919,VotingEscrow._deposit_for
DA:1091,1919
DA:1092,1919
DA:1094,1919
DA:1095,1919
DA:1096,1919
DA:1098,1919
DA:1099,1919
BRDA:1099,68,0,1406
BRDA:1099,68,1,1919
DA:1100,1406
DA:1102,1919
DA:1108,1919
DA:1110,1919
DA:1111,1919
BRDA:1111,69,0,-
BRDA:1111,69,1,1659
DA:1112,1659
BRDA:1112,70,0,-
BRDA:1112,70,1,1659
DA:1115,1919
DA:1123,1919
FN:1130,VotingEscrow._create_lock
FNDA:1149,VotingEscrow._create_lock
DA:1135,1149
DA:1137,1149
BRDA:1137,71,0,1
BRDA:1137,71,1,1148
DA:1138,1148
BRDA:1138,72,0,1
BRDA:1138,72,1,1147
DA:1142,1147
BRDA:1142,73,0,1
BRDA:1142,73,1,1146
DA:1147,1146
DA:1148,1146
DA:1149,1146
DA:1151,1146
DA:1158,1146
FN:1164,VotingEscrow._balance
FNDA:1168,VotingEscrow._balance
DA:1165,1168
FN:1172,VotingEscrow._isApprovedOrOwner
FNDA:540,VotingEscrow._isApprovedOrOwner
DA:1177,540
DA:1178,540
DA:1179,540
DA:1180,540
DA:1181,540
FN:1184,VotingEscrow._isContract
FNDA:5,VotingEscrow._isContract
DA:1188,5
DA:1190,5
DA:1192,5
FN:1195,VotingEscrow._findWhatCheckpointToWrite
FNDA:1172,VotingEscrow._findWhatCheckpointToWrite
DA:1200,1172
DA:1201,1172
DA:1204,1172
DA:1205,18
BRDA:1203,74,0,-
BRDA:1203,74,1,1172
DA:1207,0
DA:1209,1172
FN:1218,VotingEscrow._balanceOfNFT
FNDA:12,VotingEscrow._balanceOfNFT
DA:1223,12
DA:1224,12
BRDA:1224,75,0,-
BRDA:1224,75,1,12
DA:1225,0
DA:1227,12
DA:1228,12
DA:1231,12
BRDA:1231,76,0,-
BRDA:1231,76,1,12
DA:1232,0
DA:1234,12
FN:1242,VotingEscrow._supply_at
FNDA:3,VotingEscrow._supply_at
DA:1247,3
DA:1248,3
DA:1249,3
DA:1250,107
DA:1251,107
DA:1252,107
BRDA:1252,77,0,3
BRDA:1252,77,1,104
DA:1253,3
DA:1255,104
DA:1257,107
DA:1260,107
BRDA:1260,78,0,3
BRDA:1260,78,1,104
DA:1261,3
DA:1263,104
DA:1264,104
DA:1267,3
BRDA:1267,79,0,-
BRDA:1267,79,1,3
DA:1268,0
DA:1270,3
FNF:52
FNH:46
LF:340
LH:298
BRF:160
BRH:108
end_of_record
TN:
SF:src/libraries/Math.sol
FN:4,Math.max
FNDA:0,Math.max
DA:5,0
FN:8,Math.min
FNDA:0,Math.min
DA:9,0
FN:12,Math.sqrt
FNDA:0,Math.sqrt
DA:13,0
BRDA:13,0,0,-
BRDA:13,0,1,-
DA:14,0
DA:15,0
DA:16,0
DA:17,0
DA:18,0
DA:20,0
BRDA:20,1,0,-
BRDA:20,1,1,-
DA:21,0
FN:25,Math.cbrt
FNDA:0,Math.cbrt
DA:27,0
DA:28,0
DA:29,0
DA:30,0
DA:31,0
BRDA:31,2,0,-
BRDA:31,2,1,-
DA:32,0
DA:33,0
DA:36,0
FNF:4
FNH:0
LF:18
LH:0
BRF:6
BRH:0
end_of_record
TN:
SF:src/utils/SigUtils.sol
FN:21,SigUtils.getStructHash
FNDA:1,SigUtils.getStructHash
DA:26,1
DA:27,1
FN:38,SigUtils.getTypedDataHash
FNDA:1,SigUtils.getTypedDataHash
DA:43,1
DA:44,1
FNF:2
FNH:2
LF:4
LH:4
BRF:0
BRH:0
end_of_record
